\BOOKMARK [0][-]{chapter.1}{Introduction}{}% 1
\BOOKMARK [1][-]{section.1.1}{Introduction to LiDAR}{chapter.1}% 2
\BOOKMARK [2][-]{subsection.1.1.1}{Benefits over Aerial Imagery}{section.1.1}% 3
\BOOKMARK [2][-]{subsection.1.1.2}{Limitations}{section.1.1}% 4
\BOOKMARK [1][-]{section.1.2}{Objective of this paper}{chapter.1}% 5
\BOOKMARK [0][-]{chapter.2}{Literature Review}{}% 6
\BOOKMARK [1][-]{section.2.1}{British Rural Road Network}{chapter.2}% 7
\BOOKMARK [2][-]{subsection.2.1.1}{Rural Speed Limits}{section.2.1}% 8
\BOOKMARK [2][-]{subsection.2.1.2}{Speed, Road Geometry and Accidents}{section.2.1}% 9
\BOOKMARK [2][-]{subsection.2.1.3}{Accessibility}{section.2.1}% 10
\BOOKMARK [1][-]{section.2.2}{LiDAR Data Classification}{chapter.2}% 11
\BOOKMARK [2][-]{subsection.2.2.1}{Digital Terrain Models}{section.2.2}% 12
\BOOKMARK [2][-]{subsection.2.2.2}{Feature Classification}{section.2.2}% 13
\BOOKMARK [1][-]{section.2.3}{Road Classification}{chapter.2}% 14
\BOOKMARK [2][-]{subsection.2.3.1}{Aerial Imagery}{section.2.3}% 15
\BOOKMARK [2][-]{subsection.2.3.2}{LiDAR Road Classification}{section.2.3}% 16
\BOOKMARK [2][-]{subsection.2.3.3}{Supervised Methods}{section.2.3}% 17
\BOOKMARK [2][-]{subsection.2.3.4}{Rural Road Extraction}{section.2.3}% 18
\BOOKMARK [1][-]{section.2.4}{Overview of this Paper}{chapter.2}% 19
\BOOKMARK [0][-]{chapter.3}{Methodology}{}% 20
\BOOKMARK [1][-]{section.3.1}{Data}{chapter.3}% 21
\BOOKMARK [1][-]{section.3.2}{LiDAR Preprocessing}{chapter.3}% 22
\BOOKMARK [2][-]{subsection.3.2.1}{Last Pulse}{section.3.2}% 23
\BOOKMARK [2][-]{subsection.3.2.2}{Normalisation}{section.3.2}% 24
\BOOKMARK [2][-]{subsection.3.2.3}{Points Extent}{section.3.2}% 25
\BOOKMARK [2][-]{subsection.3.2.4}{Noise Filtering}{section.3.2}% 26
\BOOKMARK [2][-]{subsection.3.2.5}{LiDAR Catalog}{section.3.2}% 27
\BOOKMARK [1][-]{section.3.3}{Road Analysis}{chapter.3}% 28
\BOOKMARK [2][-]{subsection.3.3.1}{Road Sampling}{section.3.3}% 29
\BOOKMARK [2][-]{subsection.3.3.2}{Aerial Imagery}{section.3.3}% 30
\BOOKMARK [1][-]{section.3.4}{Linear Probability Models and Road Width}{chapter.3}% 31
\BOOKMARK [2][-]{subsection.3.4.1}{Improved Road Centrelines}{section.3.4}% 32
\BOOKMARK [2][-]{subsection.3.4.2}{Final Model Analysis}{section.3.4}% 33
\BOOKMARK [1][-]{section.3.5}{Road Angles}{chapter.3}% 34
\BOOKMARK [1][-]{section.3.6}{Road Node Elevation Change}{chapter.3}% 35
\BOOKMARK [1][-]{section.3.7}{Surface Quality}{chapter.3}% 36
\BOOKMARK [1][-]{section.3.8}{Estimate of True Widths}{chapter.3}% 37
\BOOKMARK [1][-]{section.3.9}{Road Quality Assessment}{chapter.3}% 38
\BOOKMARK [0][-]{chapter.4}{Results}{}% 39
\BOOKMARK [1][-]{section.4.1}{Data Preprocessing}{chapter.4}% 40
\BOOKMARK [1][-]{section.4.2}{Perpendicular Sampling}{chapter.4}% 41
\BOOKMARK [1][-]{section.4.3}{Linear Probability Model Sensitivity Analysis}{chapter.4}% 42
\BOOKMARK [1][-]{section.4.4}{Corrected Centreline Extraction}{chapter.4}% 43
